<?xml version="1.0" encoding="UTF-8"?>
<testng-results total="1" passed="1" failed="0" skipped="0">
  <reporter-output>
  </reporter-output>
  <suite started-at="2018-11-29T14:33:05Z" name="Default suite" finished-at="2018-11-29T14:33:42Z" duration-ms="37510">
    <groups>
    </groups>
    <test started-at="2018-11-29T14:33:05Z" name="Default test" finished-at="2018-11-29T14:33:42Z" duration-ms="37510">
      <class name="Com.CRM.QA.Testcases.Homepagetest">
        <test-method is-config="true" signature="setup()[pri:0, instance:Com.CRM.QA.Testcases.Homepagetest@6aaceffd]" started-at="2018-11-29T16:33:05Z" name="setup" finished-at="2018-11-29T16:33:42Z" duration-ms="37390" status="PASS">
          <reporter-output>
          </reporter-output>
        </test-method> <!-- setup -->
        <test-method signature="verifyhomepagetitiletest()[pri:0, instance:Com.CRM.QA.Testcases.Homepagetest@6aaceffd]" started-at="2018-11-29T16:33:42Z" name="verifyhomepagetitiletest" finished-at="2018-11-29T16:33:42Z" duration-ms="57" status="PASS">
          <reporter-output>
          </reporter-output>
        </test-method> <!-- verifyhomepagetitiletest -->
      </class> <!-- Com.CRM.QA.Testcases.Homepagetest -->
    </test> <!-- Default test -->
  </suite> <!-- Default suite -->
</testng-results>
